{"/workspaces/WAVAULT-V2/WAVAULT/backend/app.js": {"path":"/workspaces/WAVAULT-V2/WAVAULT/backend/app.js","statementMap":{"0":{"start":{"line":1,"column":16},"end":{"line":1,"column":34}},"1":{"start":{"line":2,"column":12},"end":{"line":2,"column":21}},"2":{"start":{"line":4,"column":0},"end":{"line":4,"column":24}},"3":{"start":{"line":7,"column":14},"end":{"line":7,"column":16}},"4":{"start":{"line":8,"column":13},"end":{"line":8,"column":14}},"5":{"start":{"line":11,"column":0},"end":{"line":13,"column":3}},"6":{"start":{"line":12,"column":2},"end":{"line":12,"column":37}},"7":{"start":{"line":16,"column":0},"end":{"line":23,"column":3}},"8":{"start":{"line":17,"column":21},"end":{"line":17,"column":35}},"9":{"start":{"line":18,"column":2},"end":{"line":18,"column":77}},"10":{"start":{"line":18,"column":15},"end":{"line":18,"column":77}},"11":{"start":{"line":20,"column":15},"end":{"line":20,"column":39}},"12":{"start":{"line":21,"column":2},"end":{"line":21,"column":19}},"13":{"start":{"line":22,"column":2},"end":{"line":22,"column":29}},"14":{"start":{"line":26,"column":0},"end":{"line":31,"column":3}},"15":{"start":{"line":27,"column":13},"end":{"line":27,"column":34}},"16":{"start":{"line":28,"column":15},"end":{"line":28,"column":45}},"17":{"start":{"line":28,"column":33},"end":{"line":28,"column":44}},"18":{"start":{"line":29,"column":2},"end":{"line":29,"column":69}},"19":{"start":{"line":29,"column":13},"end":{"line":29,"column":69}},"20":{"start":{"line":30,"column":2},"end":{"line":30,"column":29}},"21":{"start":{"line":33,"column":0},"end":{"line":33,"column":21}}},"fnMap":{"0":{"name":"(anonymous_0)","decl":{"start":{"line":11,"column":28},"end":{"line":11,"column":29}},"loc":{"start":{"line":11,"column":42},"end":{"line":13,"column":1}},"line":11},"1":{"name":"(anonymous_1)","decl":{"start":{"line":16,"column":29},"end":{"line":16,"column":30}},"loc":{"start":{"line":16,"column":43},"end":{"line":23,"column":1}},"line":16},"2":{"name":"(anonymous_2)","decl":{"start":{"line":26,"column":32},"end":{"line":26,"column":33}},"loc":{"start":{"line":26,"column":46},"end":{"line":31,"column":1}},"line":26},"3":{"name":"(anonymous_3)","decl":{"start":{"line":28,"column":26},"end":{"line":28,"column":27}},"loc":{"start":{"line":28,"column":33},"end":{"line":28,"column":44}},"line":28}},"branchMap":{"0":{"loc":{"start":{"line":17,"column":21},"end":{"line":17,"column":35}},"type":"binary-expr","locations":[{"start":{"line":17,"column":21},"end":{"line":17,"column":29}},{"start":{"line":17,"column":33},"end":{"line":17,"column":35}}],"line":17},"1":{"loc":{"start":{"line":18,"column":2},"end":{"line":18,"column":77}},"type":"if","locations":[{"start":{"line":18,"column":2},"end":{"line":18,"column":77}},{"start":{},"end":{}}],"line":18},"2":{"loc":{"start":{"line":29,"column":2},"end":{"line":29,"column":69}},"type":"if","locations":[{"start":{"line":29,"column":2},"end":{"line":29,"column":69}},{"start":{},"end":{}}],"line":29}},"s":{"0":1,"1":1,"2":1,"3":1,"4":1,"5":1,"6":1,"7":1,"8":1,"9":1,"10":0,"11":1,"12":1,"13":1,"14":1,"15":1,"16":1,"17":1,"18":1,"19":0,"20":1,"21":1},"f":{"0":1,"1":1,"2":1,"3":1},"b":{"0":[1,0],"1":[0,1],"2":[0,1]},"_coverageSchema":"1a1c01bbd47fc00a2c39e90264f33305004495a9","hash":"c65ccea2a8c27d6747f4774e4083c8802e6e596f"}
,"/workspaces/WAVAULT-V2/backend/tests/testServer.js": {"path":"/workspaces/WAVAULT-V2/backend/tests/testServer.js","statementMap":{"0":{"start":{"line":1,"column":16},"end":{"line":1,"column":34}},"1":{"start":{"line":2,"column":15},"end":{"line":2,"column":32}},"2":{"start":{"line":3,"column":11},"end":{"line":3,"column":24}},"3":{"start":{"line":4,"column":13},"end":{"line":4,"column":28}},"4":{"start":{"line":6,"column":12},"end":{"line":6,"column":21}},"5":{"start":{"line":7,"column":0},"end":{"line":7,"column":24}},"6":{"start":{"line":10,"column":18},"end":{"line":10,"column":40}},"7":{"start":{"line":11,"column":16},"end":{"line":11,"column":36}},"8":{"start":{"line":12,"column":0},"end":{"line":12,"column":76}},"9":{"start":{"line":12,"column":31},"end":{"line":12,"column":76}},"10":{"start":{"line":13,"column":0},"end":{"line":13,"column":72}},"11":{"start":{"line":13,"column":29},"end":{"line":13,"column":72}},"12":{"start":{"line":15,"column":16},"end":{"line":18,"column":2}},"13":{"start":{"line":16,"column":34},"end":{"line":16,"column":53}},"14":{"start":{"line":17,"column":31},"end":{"line":17,"column":77}},"15":{"start":{"line":19,"column":15},"end":{"line":19,"column":34}},"16":{"start":{"line":22,"column":0},"end":{"line":27,"column":3}},"17":{"start":{"line":23,"column":20},"end":{"line":23,"column":28}},"18":{"start":{"line":24,"column":2},"end":{"line":24,"column":71}},"19":{"start":{"line":24,"column":14},"end":{"line":24,"column":71}},"20":{"start":{"line":25,"column":2},"end":{"line":25,"column":80}},"21":{"start":{"line":25,"column":35},"end":{"line":25,"column":80}},"22":{"start":{"line":26,"column":2},"end":{"line":26,"column":45}},"23":{"start":{"line":31,"column":2},"end":{"line":45,"column":4}},"24":{"start":{"line":32,"column":17},"end":{"line":32,"column":47}},"25":{"start":{"line":33,"column":18},"end":{"line":33,"column":49}},"26":{"start":{"line":34,"column":4},"end":{"line":34,"column":71}},"27":{"start":{"line":34,"column":16},"end":{"line":34,"column":71}},"28":{"start":{"line":37,"column":21},"end":{"line":38,"column":51}},"29":{"start":{"line":39,"column":4},"end":{"line":39,"column":75}},"30":{"start":{"line":39,"column":19},"end":{"line":39,"column":75}},"31":{"start":{"line":41,"column":4},"end":{"line":41,"column":87}},"32":{"start":{"line":41,"column":35},"end":{"line":41,"column":87}},"33":{"start":{"line":43,"column":4},"end":{"line":43,"column":41}},"34":{"start":{"line":44,"column":4},"end":{"line":44,"column":11}},"35":{"start":{"line":49,"column":0},"end":{"line":64,"column":3}},"36":{"start":{"line":50,"column":2},"end":{"line":50,"column":67}},"37":{"start":{"line":50,"column":17},"end":{"line":50,"column":67}},"38":{"start":{"line":52,"column":23},"end":{"line":52,"column":96}},"39":{"start":{"line":53,"column":19},"end":{"line":53,"column":45}},"40":{"start":{"line":54,"column":19},"end":{"line":54,"column":47}},"41":{"start":{"line":56,"column":2},"end":{"line":63,"column":3}},"42":{"start":{"line":58,"column":4},"end":{"line":58,"column":56}},"43":{"start":{"line":59,"column":4},"end":{"line":59,"column":56}},"44":{"start":{"line":60,"column":4},"end":{"line":60,"column":46}},"45":{"start":{"line":62,"column":4},"end":{"line":62,"column":85}},"46":{"start":{"line":66,"column":0},"end":{"line":66,"column":21}}},"fnMap":{"0":{"name":"(anonymous_0)","decl":{"start":{"line":16,"column":15},"end":{"line":16,"column":16}},"loc":{"start":{"line":16,"column":34},"end":{"line":16,"column":53}},"line":16},"1":{"name":"(anonymous_1)","decl":{"start":{"line":17,"column":12},"end":{"line":17,"column":13}},"loc":{"start":{"line":17,"column":31},"end":{"line":17,"column":77}},"line":17},"2":{"name":"(anonymous_2)","decl":{"start":{"line":22,"column":24},"end":{"line":22,"column":25}},"loc":{"start":{"line":22,"column":38},"end":{"line":27,"column":1}},"line":22},"3":{"name":"requireRole","decl":{"start":{"line":30,"column":9},"end":{"line":30,"column":20}},"loc":{"start":{"line":30,"column":27},"end":{"line":46,"column":1}},"line":30},"4":{"name":"(anonymous_4)","decl":{"start":{"line":31,"column":9},"end":{"line":31,"column":10}},"loc":{"start":{"line":31,"column":29},"end":{"line":45,"column":3}},"line":31},"5":{"name":"(anonymous_5)","decl":{"start":{"line":49,"column":73},"end":{"line":49,"column":74}},"loc":{"start":{"line":49,"column":93},"end":{"line":64,"column":1}},"line":49}},"branchMap":{"0":{"loc":{"start":{"line":12,"column":0},"end":{"line":12,"column":76}},"type":"if","locations":[{"start":{"line":12,"column":0},"end":{"line":12,"column":76}},{"start":{},"end":{}}],"line":12},"1":{"loc":{"start":{"line":13,"column":0},"end":{"line":13,"column":72}},"type":"if","locations":[{"start":{"line":13,"column":0},"end":{"line":13,"column":72}},{"start":{},"end":{}}],"line":13},"2":{"loc":{"start":{"line":24,"column":2},"end":{"line":24,"column":71}},"type":"if","locations":[{"start":{"line":24,"column":2},"end":{"line":24,"column":71}},{"start":{},"end":{}}],"line":24},"3":{"loc":{"start":{"line":25,"column":2},"end":{"line":25,"column":80}},"type":"if","locations":[{"start":{"line":25,"column":2},"end":{"line":25,"column":80}},{"start":{},"end":{}}],"line":25},"4":{"loc":{"start":{"line":32,"column":17},"end":{"line":32,"column":47}},"type":"binary-expr","locations":[{"start":{"line":32,"column":17},"end":{"line":32,"column":41}},{"start":{"line":32,"column":45},"end":{"line":32,"column":47}}],"line":32},"5":{"loc":{"start":{"line":34,"column":4},"end":{"line":34,"column":71}},"type":"if","locations":[{"start":{"line":34,"column":4},"end":{"line":34,"column":71}},{"start":{},"end":{}}],"line":34},"6":{"loc":{"start":{"line":37,"column":21},"end":{"line":38,"column":51}},"type":"cond-expr","locations":[{"start":{"line":37,"column":50},"end":{"line":37,"column":61}},{"start":{"line":38,"column":8},"end":{"line":38,"column":51}}],"line":37},"7":{"loc":{"start":{"line":38,"column":8},"end":{"line":38,"column":51}},"type":"cond-expr","locations":[{"start":{"line":38,"column":35},"end":{"line":38,"column":44}},{"start":{"line":38,"column":47},"end":{"line":38,"column":51}}],"line":38},"8":{"loc":{"start":{"line":39,"column":4},"end":{"line":39,"column":75}},"type":"if","locations":[{"start":{"line":39,"column":4},"end":{"line":39,"column":75}},{"start":{},"end":{}}],"line":39},"9":{"loc":{"start":{"line":41,"column":4},"end":{"line":41,"column":87}},"type":"if","locations":[{"start":{"line":41,"column":4},"end":{"line":41,"column":87}},{"start":{},"end":{}}],"line":41},"10":{"loc":{"start":{"line":41,"column":8},"end":{"line":41,"column":33}},"type":"binary-expr","locations":[{"start":{"line":41,"column":8},"end":{"line":41,"column":12}},{"start":{"line":41,"column":16},"end":{"line":41,"column":33}}],"line":41},"11":{"loc":{"start":{"line":50,"column":2},"end":{"line":50,"column":67}},"type":"if","locations":[{"start":{"line":50,"column":2},"end":{"line":50,"column":67}},{"start":{},"end":{}}],"line":50}},"s":{"0":1,"1":1,"2":1,"3":1,"4":1,"5":1,"6":1,"7":1,"8":1,"9":1,"10":1,"11":1,"12":1,"13":1,"14":1,"15":1,"16":1,"17":2,"18":2,"19":0,"20":2,"21":1,"22":1,"23":1,"24":2,"25":2,"26":2,"27":0,"28":2,"29":2,"30":0,"31":2,"32":1,"33":1,"34":1,"35":1,"36":1,"37":0,"38":1,"39":1,"40":1,"41":1,"42":1,"43":1,"44":1,"45":0,"46":1},"f":{"0":1,"1":1,"2":2,"3":1,"4":2,"5":1},"b":{"0":[1,0],"1":[1,0],"2":[0,2],"3":[1,1],"4":[2,0],"5":[0,2],"6":[1,1],"7":[1,0],"8":[0,2],"9":[1,1],"10":[2,2],"11":[0,1]},"_coverageSchema":"1a1c01bbd47fc00a2c39e90264f33305004495a9","hash":"5d91e421925d33740c9fc109465ed8f0372ca065"}
}
