TN:
SF:WAVAULT/backend/app.js
FN:11,(anonymous_0)
FN:16,(anonymous_1)
FN:26,(anonymous_2)
FN:28,(anonymous_3)
FNF:4
FNH:4
FNDA:1,(anonymous_0)
FNDA:1,(anonymous_1)
FNDA:1,(anonymous_2)
FNDA:1,(anonymous_3)
DA:1,1
DA:2,1
DA:4,1
DA:7,1
DA:8,1
DA:11,1
DA:12,1
DA:16,1
DA:17,1
DA:18,1
DA:20,1
DA:21,1
DA:22,1
DA:26,1
DA:27,1
DA:28,1
DA:29,1
DA:30,1
DA:33,1
LF:19
LH:19
BRDA:17,0,0,1
BRDA:17,0,1,0
BRDA:18,1,0,0
BRDA:18,1,1,1
BRDA:29,2,0,0
BRDA:29,2,1,1
BRF:6
BRH:3
end_of_record
TN:
SF:backend/tests/testServer.js
FN:16,(anonymous_0)
FN:17,(anonymous_1)
FN:22,(anonymous_2)
FN:30,requireRole
FN:31,(anonymous_4)
FN:49,(anonymous_5)
FNF:6
FNH:6
FNDA:1,(anonymous_0)
FNDA:1,(anonymous_1)
FNDA:2,(anonymous_2)
FNDA:1,requireRole
FNDA:2,(anonymous_4)
FNDA:1,(anonymous_5)
DA:1,1
DA:2,1
DA:3,1
DA:4,1
DA:6,1
DA:7,1
DA:10,1
DA:11,1
DA:12,1
DA:13,1
DA:15,1
DA:16,1
DA:17,1
DA:19,1
DA:22,1
DA:23,2
DA:24,2
DA:25,2
DA:26,1
DA:31,1
DA:32,2
DA:33,2
DA:34,2
DA:37,2
DA:39,2
DA:41,2
DA:43,1
DA:44,1
DA:49,1
DA:50,1
DA:52,1
DA:53,1
DA:54,1
DA:56,1
DA:58,1
DA:59,1
DA:60,1
DA:62,0
DA:66,1
LF:39
LH:38
BRDA:12,0,0,0
BRDA:12,0,1,1
BRDA:13,1,0,0
BRDA:13,1,1,1
BRDA:24,2,0,0
BRDA:24,2,1,2
BRDA:25,3,0,1
BRDA:25,3,1,1
BRDA:32,4,0,2
BRDA:32,4,1,0
BRDA:34,5,0,0
BRDA:34,5,1,2
BRDA:37,6,0,1
BRDA:37,6,1,1
BRDA:38,7,0,1
BRDA:38,7,1,0
BRDA:39,8,0,0
BRDA:39,8,1,2
BRDA:41,9,0,1
BRDA:41,9,1,1
BRDA:41,10,0,2
BRDA:41,10,1,2
BRDA:50,11,0,0
BRDA:50,11,1,1
BRF:24
BRH:16
end_of_record
